NavigateToNextSearchResult: CALLED
  results.size()=46
  currentResultIndex BEFORE=0
NavigateToSearchResultPrecise: CALLED for result 1
  result.pageIndex=0, result.charIndex=641
NavigateToSearchResultPrecise: CENTERING TEXT IN VIEWPORT
  PDF coordinates: left=77.9162, top=485.265, right=89.6751, bottom=482.084
  Original page height=595.32
  Rendered page height=861 (used for positioning)
  Page index=0
  Page height in screen=1845.63
  Sum of previous pages=0
  Text relative top (flipped)=0.184868
  Text offset in page=341.198
  Desired viewport position (CENTER)=430.5
  Target scroll offset=0
  Final scroll offset=0
  Zoom scale=2.14359
  Viewport height=861
  Max possible offset=56353.5
  Total document height=57214.5
  Rendered/Original height ratio=1.44628
  SAME-PAGE NAVIGATION ANALYSIS:
    Current scroll offset=445.496
    Original target scroll offset=-89.3025
    Final target scroll offset=0
    Scroll change magnitude=445.496
    LARGE CHANGE - likely cross-page or significant movement
  VERIFICATION: After navigation, highlighting will calculate:
    pageTopY = 0
    textScreenTop = 341.198
    Should equal desired position (CENTER) = 430.5
    Difference = -89.3025
    Distance from viewport center = -89.3025
NavigateToNextSearchResult: CALLED
  results.size()=46
  currentResultIndex BEFORE=1
NavigateToSearchResultPrecise: CALLED for result 2
  result.pageIndex=0, result.charIndex=694
NavigateToSearchResultPrecise: CENTERING TEXT IN VIEWPORT
  PDF coordinates: left=215.076, top=467.025, right=226.931, bottom=463.849
  Original page height=595.32
  Rendered page height=861 (used for positioning)
  Page index=0
  Page height in screen=1845.63
  Sum of previous pages=0
  Text relative top (flipped)=0.215507
  Text offset in page=397.746
  Desired viewport position (CENTER)=430.5
  Target scroll offset=0
  Final scroll offset=0
  Zoom scale=2.14359
  Viewport height=861
  Max possible offset=56353.5
  Total document height=57214.5
  Rendered/Original height ratio=1.44628
  SAME-PAGE NAVIGATION ANALYSIS:
    Current scroll offset=0
    Original target scroll offset=-32.7543
    Final target scroll offset=0
    Scroll change magnitude=0
    VERY SMALL CHANGE - text may be at same location
  VERIFICATION: After navigation, highlighting will calculate:
    pageTopY = 0
    textScreenTop = 397.746
    Should equal desired position (CENTER) = 430.5
    Difference = -32.7543
    Distance from viewport center = -32.7543
NavigateToNextSearchResult: CALLED
  results.size()=46
  currentResultIndex BEFORE=2
NavigateToSearchResultPrecise: CALLED for result 3
  result.pageIndex=0, result.charIndex=703
NavigateToSearchResultPrecise: CENTERING TEXT IN VIEWPORT
  PDF coordinates: left=265.75, top=435.89, right=280.328, bottom=432.034
  Original page height=595.32
  Rendered page height=861 (used for positioning)
  Page index=0
  Page height in screen=1845.63
  Sum of previous pages=0
  Text relative top (flipped)=0.267806
  Text offset in page=494.271
  Desired viewport position (CENTER)=430.5
  Target scroll offset=100
  Final scroll offset=100
  Zoom scale=2.14359
  Viewport height=861
  Max possible offset=56353.5
  Total document height=57214.5
  Rendered/Original height ratio=1.44628
  SAME-PAGE NAVIGATION ANALYSIS:
    Current scroll offset=0
    Original target scroll offset=63.7707
    Final target scroll offset=100
    Scroll change magnitude=100
    LARGE CHANGE - likely cross-page or significant movement
  VERIFICATION: After navigation, highlighting will calculate:
    pageTopY = -100
    textScreenTop = 394.271
    Should equal desired position (CENTER) = 430.5
    Difference = -36.2293
    Distance from viewport center = -36.2293
NavigateToNextSearchResult: CALLED
  results.size()=1
  currentResultIndex BEFORE=0
NavigateToSearchResultPrecise: CALLED for result 0
  result.pageIndex=0, result.charIndex=703
NavigateToSearchResultPrecise: CENTERING TEXT IN VIEWPORT
  PDF coordinates: left=265.75, top=435.89, right=291.49, bottom=432.034
  Original page height=595.32
  Rendered page height=861 (used for positioning)
  Page index=0
  Page height in screen=2702.19
  Sum of previous pages=0
  Text relative top (flipped)=0.267806
  Text offset in page=723.662
  Desired viewport position (CENTER)=430.5
  Target scroll offset=293.162
  Final scroll offset=293.162
  Zoom scale=3.13843
  Viewport height=861
  Max possible offset=82906.8
  Total document height=83767.8
  Rendered/Original height ratio=1.44628
  SAME-PAGE NAVIGATION ANALYSIS:
    Current scroll offset=456.514
    Original target scroll offset=293.162
    Final target scroll offset=293.162
    Scroll change magnitude=163.352
    LARGE CHANGE - likely cross-page or significant movement
  VERIFICATION: After navigation, highlighting will calculate:
    pageTopY = -293.162
    textScreenTop = 430.5
    Should equal desired position (CENTER) = 430.5
    Difference = 0
    Distance from viewport center = 0
NavigateToNextSearchResult: CALLED
  results.size()=1
  currentResultIndex BEFORE=0
NavigateToSearchResultPrecise: CALLED for result 0
  result.pageIndex=0, result.charIndex=703
NavigateToSearchResultPrecise: CENTERING TEXT IN VIEWPORT
  PDF coordinates: left=265.75, top=435.89, right=291.49, bottom=432.034
  Original page height=595.32
  Rendered page height=861 (used for positioning)
  Page index=0
  Page height in screen=2702.19
  Sum of previous pages=0
  Text relative top (flipped)=0.267806
  Text offset in page=723.662
  Desired viewport position (CENTER)=430.5
  Target scroll offset=293.162
  Final scroll offset=293.162
  Zoom scale=3.13843
  Viewport height=861
  Max possible offset=82906.8
  Total document height=83767.8
  Rendered/Original height ratio=1.44628
  SAME-PAGE NAVIGATION ANALYSIS:
    Current scroll offset=293.162
    Original target scroll offset=293.162
    Final target scroll offset=293.162
    Scroll change magnitude=0
    VERY SMALL CHANGE - text may be at same location
  VERIFICATION: After navigation, highlighting will calculate:
    pageTopY = -293.162
    textScreenTop = 430.5
    Should equal desired position (CENTER) = 430.5
    Difference = 0
    Distance from viewport center = 0
NavigateToNextSearchResult: CALLED
  results.size()=1
  currentResultIndex BEFORE=0
NavigateToSearchResultPrecise: CALLED for result 0
  result.pageIndex=0, result.charIndex=703
NavigateToSearchResultPrecise: CENTERING TEXT IN VIEWPORT
  PDF coordinates: left=265.75, top=435.89, right=291.49, bottom=432.034
  Original page height=595.32
  Rendered page height=861 (used for positioning)
  Page index=0
  Page height in screen=2702.19
  Sum of previous pages=0
  Text relative top (flipped)=0.267806
  Text offset in page=723.662
  Desired viewport position (CENTER)=430.5
  Target scroll offset=293.162
  Final scroll offset=293.162
  Zoom scale=3.13843
  Viewport height=861
  Max possible offset=82906.8
  Total document height=83767.8
  Rendered/Original height ratio=1.44628
  SAME-PAGE NAVIGATION ANALYSIS:
    Current scroll offset=293.162
    Original target scroll offset=293.162
    Final target scroll offset=293.162
    Scroll change magnitude=0
    VERY SMALL CHANGE - text may be at same location
  VERIFICATION: After navigation, highlighting will calculate:
    pageTopY = -293.162
    textScreenTop = 430.5
    Should equal desired position (CENTER) = 430.5
    Difference = 0
    Distance from viewport center = 0
NavigateToNextSearchResult: CALLED
  results.size()=1
  currentResultIndex BEFORE=0
NavigateToSearchResultPrecise: CALLED for result 0
  result.pageIndex=0, result.charIndex=703
NavigateToSearchResultPrecise: CENTERING TEXT IN VIEWPORT
  PDF coordinates: left=265.75, top=435.89, right=291.49, bottom=432.034
  Original page height=595.32
  Rendered page height=861 (used for positioning)
  Page index=0
  Page height in screen=2702.19
  Sum of previous pages=0
  Text relative top (flipped)=0.267806
  Text offset in page=723.662
  Desired viewport position (CENTER)=430.5
  Target scroll offset=293.162
  Final scroll offset=293.162
  Zoom scale=3.13843
  Viewport height=861
  Max possible offset=82906.8
  Total document height=83767.8
  Rendered/Original height ratio=1.44628
  SAME-PAGE NAVIGATION ANALYSIS:
    Current scroll offset=293.162
    Original target scroll offset=293.162
    Final target scroll offset=293.162
    Scroll change magnitude=0
    VERY SMALL CHANGE - text may be at same location
  VERIFICATION: After navigation, highlighting will calculate:
    pageTopY = -293.162
    textScreenTop = 430.5
    Should equal desired position (CENTER) = 430.5
    Difference = 0
    Distance from viewport center = 0
NavigateToNextSearchResult: CALLED
  results.size()=1
  currentResultIndex BEFORE=0
NavigateToSearchResultPrecise: CALLED for result 0
  result.pageIndex=0, result.charIndex=703
NavigateToSearchResultPrecise: CENTERING TEXT IN VIEWPORT
  PDF coordinates: left=265.75, top=435.89, right=291.49, bottom=432.034
  Original page height=595.32
  Rendered page height=861 (used for positioning)
  Page index=0
  Page height in screen=2702.19
  Sum of previous pages=0
  Text relative top (flipped)=0.267806
  Text offset in page=723.662
  Desired viewport position (CENTER)=430.5
  Target scroll offset=293.162
  Final scroll offset=293.162
  Zoom scale=3.13843
  Viewport height=861
  Max possible offset=82906.8
  Total document height=83767.8
  Rendered/Original height ratio=1.44628
  SAME-PAGE NAVIGATION ANALYSIS:
    Current scroll offset=293.162
    Original target scroll offset=293.162
    Final target scroll offset=293.162
    Scroll change magnitude=0
    VERY SMALL CHANGE - text may be at same location
  VERIFICATION: After navigation, highlighting will calculate:
    pageTopY = -293.162
    textScreenTop = 430.5
    Should equal desired position (CENTER) = 430.5
    Difference = 0
    Distance from viewport center = 0
NavigateToSearchResultPrecise: CALLED for result 0
  result.pageIndex=0, result.charIndex=703
NavigateToSearchResultPrecise: CENTERING TEXT IN VIEWPORT
  PDF coordinates: left=265.75, top=435.89, right=291.49, bottom=432.034
  Original page height=595.32
  Rendered page height=861 (used for positioning)
  Page index=0
  Page height in screen=2702.19
  Sum of previous pages=0
  Text relative top (flipped)=0.267806
  Text offset in page=723.662
  Desired viewport position (CENTER)=430.5
  Target scroll offset=293.162
  Final scroll offset=293.162
  Zoom scale=3.13843
  Viewport height=861
  Max possible offset=82906.8
  Total document height=83767.8
  Rendered/Original height ratio=1.44628
  SAME-PAGE NAVIGATION ANALYSIS:
    Current scroll offset=293.162
    Original target scroll offset=293.162
    Final target scroll offset=293.162
    Scroll change magnitude=0
    VERY SMALL CHANGE - text may be at same location
  VERIFICATION: After navigation, highlighting will calculate:
    pageTopY = -293.162
    textScreenTop = 430.5
    Should equal desired position (CENTER) = 430.5
    Difference = 0
    Distance from viewport center = 0
NavigateToSearchResultPrecise: CALLED for result 0
  result.pageIndex=0, result.charIndex=703
NavigateToSearchResultPrecise: CENTERING TEXT IN VIEWPORT
  PDF coordinates: left=265.75, top=435.89, right=291.49, bottom=432.034
  Original page height=595.32
  Rendered page height=861 (used for positioning)
  Page index=0
  Page height in screen=2702.19
  Sum of previous pages=0
  Text relative top (flipped)=0.267806
  Text offset in page=723.662
  Desired viewport position (CENTER)=430.5
  Target scroll offset=293.162
  Final scroll offset=293.162
  Zoom scale=3.13843
  Viewport height=861
  Max possible offset=82906.8
  Total document height=83767.8
  Rendered/Original height ratio=1.44628
  SAME-PAGE NAVIGATION ANALYSIS:
    Current scroll offset=293.162
    Original target scroll offset=293.162
    Final target scroll offset=293.162
    Scroll change magnitude=0
    VERY SMALL CHANGE - text may be at same location
  VERIFICATION: After navigation, highlighting will calculate:
    pageTopY = -293.162
    textScreenTop = 430.5
    Should equal desired position (CENTER) = 430.5
    Difference = 0
    Distance from viewport center = 0
NavigateToSearchResultPrecise: CALLED for result 0
  result.pageIndex=0, result.charIndex=703
NavigateToSearchResultPrecise: CENTERING TEXT IN VIEWPORT
  PDF coordinates: left=265.75, top=435.89, right=291.49, bottom=432.034
  Original page height=595.32
  Rendered page height=861 (used for positioning)
  Page index=0
  Page height in screen=2702.19
  Sum of previous pages=0
  Text relative top (flipped)=0.267806
  Text offset in page=723.662
  Desired viewport position (CENTER)=430.5
  Target scroll offset=293.162
  Final scroll offset=293.162
  Zoom scale=3.13843
  Viewport height=861
  Max possible offset=82906.8
  Total document height=83767.8
  Rendered/Original height ratio=1.44628
  SAME-PAGE NAVIGATION ANALYSIS:
    Current scroll offset=293.162
    Original target scroll offset=293.162
    Final target scroll offset=293.162
    Scroll change magnitude=0
    VERY SMALL CHANGE - text may be at same location
  VERIFICATION: After navigation, highlighting will calculate:
    pageTopY = -293.162
    textScreenTop = 430.5
    Should equal desired position (CENTER) = 430.5
    Difference = 0
    Distance from viewport center = 0
NavigateToNextSearchResult: CALLED
  results.size()=1
  currentResultIndex BEFORE=0
NavigateToSearchResultPrecise: CALLED for result 0
  result.pageIndex=0, result.charIndex=1052
NavigateToSearchResultPrecise: CENTERING TEXT IN VIEWPORT
  PDF coordinates: left=266.062, top=307.867, right=283.547, bottom=302.01
  Original page height=595.32
  Rendered page height=861 (used for positioning)
  Page index=0
  Page height in screen=1845.63
  Sum of previous pages=0
  Text relative top (flipped)=0.482855
  Text offset in page=891.171
  Desired viewport position (CENTER)=430.5
  Target scroll offset=460.671
  Final scroll offset=460.671
  Zoom scale=2.14359
  Viewport height=861
  Max possible offset=56353.5
  Total document height=57214.5
  Rendered/Original height ratio=1.44628
  SAME-PAGE NAVIGATION ANALYSIS:
    Current scroll offset=648.72
    Original target scroll offset=460.671
    Final target scroll offset=460.671
    Scroll change magnitude=188.049
    LARGE CHANGE - likely cross-page or significant movement
  VERIFICATION: After navigation, highlighting will calculate:
    pageTopY = -460.671
    textScreenTop = 430.5
    Should equal desired position (CENTER) = 430.5
    Difference = 0
    Distance from viewport center = 0
NavigateToNextSearchResult: CALLED
  results.size()=1
  currentResultIndex BEFORE=0
NavigateToSearchResultPrecise: CALLED for result 0
  result.pageIndex=0, result.charIndex=1052
NavigateToSearchResultPrecise: CENTERING TEXT IN VIEWPORT
  PDF coordinates: left=266.062, top=307.867, right=283.547, bottom=302.01
  Original page height=595.32
  Rendered page height=861 (used for positioning)
  Page index=0
  Page height in screen=1845.63
  Sum of previous pages=0
  Text relative top (flipped)=0.482855
  Text offset in page=891.171
  Desired viewport position (CENTER)=430.5
  Target scroll offset=460.671
  Final scroll offset=460.671
  Zoom scale=2.14359
  Viewport height=861
  Max possible offset=56353.5
  Total document height=57214.5
  Rendered/Original height ratio=1.44628
  SAME-PAGE NAVIGATION ANALYSIS:
    Current scroll offset=460.671
    Original target scroll offset=460.671
    Final target scroll offset=460.671
    Scroll change magnitude=0
    VERY SMALL CHANGE - text may be at same location
  VERIFICATION: After navigation, highlighting will calculate:
    pageTopY = -460.671
    textScreenTop = 430.5
    Should equal desired position (CENTER) = 430.5
    Difference = 0
    Distance from viewport center = 0
NavigateToNextSearchResult: CALLED
  results.size()=35
  currentResultIndex BEFORE=0
NavigateToSearchResultPrecise: CALLED for result 1
  result.pageIndex=0, result.charIndex=505
NavigateToSearchResultPrecise: CENTERING TEXT IN VIEWPORT
  PDF coordinates: left=294.605, top=376.627, right=305.033, bottom=372.514
  Original page height=595.32
  Rendered page height=861 (used for positioning)
  Page index=0
  Page height in screen=1845.63
  Sum of previous pages=0
  Text relative top (flipped)=0.367354
  Text offset in page=677.999
  Desired viewport position (CENTER)=430.5
  Target scroll offset=247.499
  Final scroll offset=247.499
  Zoom scale=2.14359
  Viewport height=861
  Max possible offset=56353.5
  Total document height=57214.5
  Rendered/Original height ratio=1.44628
  SAME-PAGE NAVIGATION ANALYSIS:
    Current scroll offset=460.671
    Original target scroll offset=247.499
    Final target scroll offset=247.499
    Scroll change magnitude=213.172
    LARGE CHANGE - likely cross-page or significant movement
  VERIFICATION: After navigation, highlighting will calculate:
    pageTopY = -247.499
    textScreenTop = 430.5
    Should equal desired position (CENTER) = 430.5
    Difference = 0
    Distance from viewport center = 0
NavigateToNextSearchResult: CALLED
  results.size()=35
  currentResultIndex BEFORE=1
NavigateToSearchResultPrecise: CALLED for result 2
  result.pageIndex=0, result.charIndex=512
NavigateToSearchResultPrecise: CENTERING TEXT IN VIEWPORT
  PDF coordinates: left=215.333, top=381.676, right=223.77, bottom=378.289
  Original page height=595.32
  Rendered page height=861 (used for positioning)
  Page index=0
  Page height in screen=1845.63
  Sum of previous pages=0
  Text relative top (flipped)=0.358872
  Text offset in page=662.345
  Desired viewport position (CENTER)=430.5
  Target scroll offset=231.845
  Final scroll offset=231.845
  Zoom scale=2.14359
  Viewport height=861
  Max possible offset=56353.5
  Total document height=57214.5
  Rendered/Original height ratio=1.44628
  SAME-PAGE NAVIGATION ANALYSIS:
    Current scroll offset=247.499
    Original target scroll offset=231.845
    Final target scroll offset=231.845
    Scroll change magnitude=15.6543
    APPLIED ENHANCED MINIMUM SCROLL THRESHOLD for same-page visibility
  VERIFICATION: After navigation, highlighting will calculate:
    pageTopY = -231.845
    textScreenTop = 430.5
    Should equal desired position (CENTER) = 430.5
    Difference = 0
    Distance from viewport center = 0
NavigateToNextSearchResult: CALLED
  results.size()=35
  currentResultIndex BEFORE=2
NavigateToSearchResultPrecise: CALLED for result 3
  result.pageIndex=0, result.charIndex=730
NavigateToSearchResultPrecise: CENTERING TEXT IN VIEWPORT
  PDF coordinates: left=266.062, top=354.427, right=276.49, bottom=350.314
  Original page height=595.32
  Rendered page height=861 (used for positioning)
  Page index=0
  Page height in screen=1845.63
  Sum of previous pages=0
  Text relative top (flipped)=0.404645
  Text offset in page=746.825
  Desired viewport position (CENTER)=430.5
  Target scroll offset=316.325
  Final scroll offset=316.325
  Zoom scale=2.14359
  Viewport height=861
  Max possible offset=56353.5
  Total document height=57214.5
  Rendered/Original height ratio=1.44628
  SAME-PAGE NAVIGATION ANALYSIS:
    Current scroll offset=231.845
    Original target scroll offset=316.325
    Final target scroll offset=316.325
    Scroll change magnitude=84.4794
    APPLIED ENHANCED MINIMUM SCROLL THRESHOLD for same-page visibility
  VERIFICATION: After navigation, highlighting will calculate:
    pageTopY = -316.325
    textScreenTop = 430.5
    Should equal desired position (CENTER) = 430.5
    Difference = 0
    Distance from viewport center = 0
NavigateToNextSearchResult: CALLED
  results.size()=35
  currentResultIndex BEFORE=3
NavigateToSearchResultPrecise: CALLED for result 4
  result.pageIndex=0, result.charIndex=737
NavigateToSearchResultPrecise: CENTERING TEXT IN VIEWPORT
  PDF coordinates: left=215.333, top=358.396, right=223.77, bottom=355.009
  Original page height=595.32
  Rendered page height=861 (used for positioning)
  Page index=0
  Page height in screen=1845.63
  Sum of previous pages=0
  Text relative top (flipped)=0.397977
  Text offset in page=734.518
  Desired viewport position (CENTER)=430.5
  Target scroll offset=304.018
  Final scroll offset=304.018
  Zoom scale=2.14359
  Viewport height=861
  Max possible offset=56353.5
  Total document height=57214.5
  Rendered/Original height ratio=1.44628
  SAME-PAGE NAVIGATION ANALYSIS:
    Current scroll offset=316.325
    Original target scroll offset=304.018
    Final target scroll offset=304.018
    Scroll change magnitude=12.306
    APPLIED ENHANCED MINIMUM SCROLL THRESHOLD for same-page visibility
  VERIFICATION: After navigation, highlighting will calculate:
    pageTopY = -304.018
    textScreenTop = 430.5
    Should equal desired position (CENTER) = 430.5
    Difference = 0
    Distance from viewport center = 0
NavigateToNextSearchResult: CALLED
  results.size()=35
  currentResultIndex BEFORE=4
NavigateToSearchResultPrecise: CALLED for result 5
  result.pageIndex=0, result.charIndex=742
NavigateToSearchResultPrecise: CENTERING TEXT IN VIEWPORT
  PDF coordinates: left=266.062, top=331.147, right=276.49, bottom=327.034
  Original page height=595.32
  Rendered page height=861 (used for positioning)
  Page index=0
  Page height in screen=1845.63
  Sum of previous pages=0
  Text relative top (flipped)=0.44375
  Text offset in page=818.998
  Desired viewport position (CENTER)=430.5
  Target scroll offset=388.498
  Final scroll offset=388.498
  Zoom scale=2.14359
  Viewport height=861
  Max possible offset=56353.5
  Total document height=57214.5
  Rendered/Original height ratio=1.44628
  SAME-PAGE NAVIGATION ANALYSIS:
    Current scroll offset=304.018
    Original target scroll offset=388.498
    Final target scroll offset=388.498
    Scroll change magnitude=84.4795
    APPLIED ENHANCED MINIMUM SCROLL THRESHOLD for same-page visibility
  VERIFICATION: After navigation, highlighting will calculate:
    pageTopY = -388.498
    textScreenTop = 430.5
    Should equal desired position (CENTER) = 430.5
    Difference = 0
    Distance from viewport center = 0
NavigateToNextSearchResult: CALLED
  results.size()=35
  currentResultIndex BEFORE=5
NavigateToSearchResultPrecise: CALLED for result 6
  result.pageIndex=0, result.charIndex=748
NavigateToSearchResultPrecise: CENTERING TEXT IN VIEWPORT
  PDF coordinates: left=214.253, top=333.916, right=222.69, bottom=330.529
  Original page height=595.32
  Rendered page height=861 (used for positioning)
  Page index=0
  Page height in screen=1845.63
  Sum of previous pages=0
  Text relative top (flipped)=0.439098
  Text offset in page=810.412
  Desired viewport position (CENTER)=430.5
  Target scroll offset=379.912
  Final scroll offset=379.912
  Zoom scale=2.14359
  Viewport height=861
  Max possible offset=56353.5
  Total document height=57214.5
  Rendered/Original height ratio=1.44628
  SAME-PAGE NAVIGATION ANALYSIS:
    Current scroll offset=388.498
    Original target scroll offset=379.912
    Final target scroll offset=379.912
    Scroll change magnitude=8.58582
    APPLIED ENHANCED MINIMUM SCROLL THRESHOLD for same-page visibility
  VERIFICATION: After navigation, highlighting will calculate:
    pageTopY = -379.912
    textScreenTop = 430.5
    Should equal desired position (CENTER) = 430.5
    Difference = 0
    Distance from viewport center = 0
NavigateToNextSearchResult: CALLED
  results.size()=35
  currentResultIndex BEFORE=6
NavigateToSearchResultPrecise: CALLED for result 7
  result.pageIndex=0, result.charIndex=884
NavigateToSearchResultPrecise: CENTERING TEXT IN VIEWPORT
  PDF coordinates: left=404.062, top=158.467, right=414.49, bottom=154.354
  Original page height=595.32
  Rendered page height=861 (used for positioning)
  Page index=0
  Page height in screen=1845.63
  Sum of previous pages=0
  Text relative top (flipped)=0.733812
  Text offset in page=1354.35
  Desired viewport position (CENTER)=430.5
  Target scroll offset=923.846
  Final scroll offset=923.846
  Zoom scale=2.14359
  Viewport height=861
  Max possible offset=56353.5
  Total document height=57214.5
  Rendered/Original height ratio=1.44628
  SAME-PAGE NAVIGATION ANALYSIS:
    Current scroll offset=379.912
    Original target scroll offset=923.846
    Final target scroll offset=923.846
    Scroll change magnitude=543.934
    LARGE CHANGE - likely cross-page or significant movement
  VERIFICATION: After navigation, highlighting will calculate:
    pageTopY = -923.846
    textScreenTop = 430.5
    Should equal desired position (CENTER) = 430.5
    Difference = 0
    Distance from viewport center = 0
NavigateToNextSearchResult: CALLED
  results.size()=35
  currentResultIndex BEFORE=7
NavigateToSearchResultPrecise: CALLED for result 8
  result.pageIndex=0, result.charIndex=905
NavigateToSearchResultPrecise: CENTERING TEXT IN VIEWPORT
  PDF coordinates: left=265.582, top=285.667, right=276.01, bottom=281.554
  Original page height=595.32
  Rendered page height=861 (used for positioning)
  Page index=0
  Page height in screen=1845.63
  Sum of previous pages=0
  Text relative top (flipped)=0.520146
  Text offset in page=959.996
  Desired viewport position (CENTER)=430.5
  Target scroll offset=529.496
  Final scroll offset=529.496
  Zoom scale=2.14359
  Viewport height=861
  Max possible offset=56353.5
  Total document height=57214.5
  Rendered/Original height ratio=1.44628
  SAME-PAGE NAVIGATION ANALYSIS:
    Current scroll offset=1845.63
    Original target scroll offset=529.496
    Final target scroll offset=529.496
    Scroll change magnitude=1316.13
    LARGE CHANGE - likely cross-page or significant movement
  VERIFICATION: After navigation, highlighting will calculate:
    pageTopY = -529.496
    textScreenTop = 430.5
    Should equal desired position (CENTER) = 430.5
    Difference = 0
    Distance from viewport center = 0
NavigateToNextSearchResult: CALLED
  results.size()=35
  currentResultIndex BEFORE=8
NavigateToSearchResultPrecise: CALLED for result 9
  result.pageIndex=0, result.charIndex=911
NavigateToSearchResultPrecise: CENTERING TEXT IN VIEWPORT
  PDF coordinates: left=214.253, top=287.236, right=222.69, bottom=283.849
  Original page height=595.32
  Rendered page height=861 (used for positioning)
  Page index=0
  Page height in screen=1845.63
  Sum of previous pages=0
  Text relative top (flipped)=0.51751
  Text offset in page=955.131
  Desired viewport position (CENTER)=430.5
  Target scroll offset=524.631
  Final scroll offset=524.631
  Zoom scale=2.14359
  Viewport height=861
  Max possible offset=56353.5
  Total document height=57214.5
  Rendered/Original height ratio=1.44628
  SAME-PAGE NAVIGATION ANALYSIS:
    Current scroll offset=0
    Original target scroll offset=524.631
    Final target scroll offset=524.631
    Scroll change magnitude=524.631
    LARGE CHANGE - likely cross-page or significant movement
  VERIFICATION: After navigation, highlighting will calculate:
    pageTopY = -524.631
    textScreenTop = 430.5
    Should equal desired position (CENTER) = 430.5
    Difference = 0
    Distance from viewport center = 0
NavigateToNextSearchResult: CALLED
  results.size()=1
  currentResultIndex BEFORE=0
NavigateToSearchResultPrecise: CALLED for result 0
  result.pageIndex=7, result.charIndex=2261
NavigateToSearchResultPrecise: CENTERING TEXT IN VIEWPORT
  PDF coordinates: left=416.072, top=400.255, right=423.552, bottom=397.645
  Original page height=595.32
  Rendered page height=861 (used for positioning)
  Page index=7
  Page height in screen=1825.74
  Sum of previous pages=12780.2
  Text relative top (flipped)=0.327665
  Text offset in page=598.231
  Desired viewport position (CENTER)=430.5
  Target scroll offset=12947.9
  Final scroll offset=12947.9
  Zoom scale=2.12049
  Viewport height=861
  Max possible offset=55736.9
  Total document height=56597.9
  Rendered/Original height ratio=1.44628
  SAME-PAGE NAVIGATION ANALYSIS:
    Current scroll offset=13051.2
    Original target scroll offset=12947.9
    Final target scroll offset=12947.9
    Scroll change magnitude=103.321
    LARGE CHANGE - likely cross-page or significant movement
  VERIFICATION: After navigation, highlighting will calculate:
    pageTopY = -167.73
    textScreenTop = 430.5
    Should equal desired position (CENTER) = 430.5
    Difference = 0.000305176
    Distance from viewport center = 0.000305176
NavigateToNextSearchResult: CALLED
  results.size()=1
  currentResultIndex BEFORE=0
NavigateToSearchResultPrecise: CALLED for result 0
  result.pageIndex=7, result.charIndex=2261
NavigateToSearchResultPrecise: CENTERING TEXT IN VIEWPORT
  PDF coordinates: left=416.072, top=400.255, right=423.552, bottom=397.645
  Original page height=595.32
  Rendered page height=861 (used for positioning)
  Page index=7
  Page height in screen=1825.74
  Sum of previous pages=12780.2
  Text relative top (flipped)=0.327665
  Text offset in page=598.231
  Desired viewport position (CENTER)=430.5
  Target scroll offset=12947.9
  Final scroll offset=12947.9
  Zoom scale=2.12049
  Viewport height=861
  Max possible offset=55736.9
  Total document height=56597.9
  Rendered/Original height ratio=1.44628
  SAME-PAGE NAVIGATION ANALYSIS:
    Current scroll offset=12947.9
    Original target scroll offset=12947.9
    Final target scroll offset=12947.9
    Scroll change magnitude=0
    VERY SMALL CHANGE - text may be at same location
  VERIFICATION: After navigation, highlighting will calculate:
    pageTopY = -167.73
    textScreenTop = 430.5
    Should equal desired position (CENTER) = 430.5
    Difference = 0.000305176
    Distance from viewport center = 0.000305176
NavigateToNextSearchResult: CALLED
  results.size()=1
  currentResultIndex BEFORE=0
NavigateToSearchResultPrecise: CALLED for result 0
  result.pageIndex=7, result.charIndex=2261
NavigateToSearchResultPrecise: CENTERING TEXT IN VIEWPORT
  PDF coordinates: left=416.072, top=400.255, right=423.552, bottom=397.645
  Original page height=595.32
  Rendered page height=861 (used for positioning)
  Page index=7
  Page height in screen=1825.74
  Sum of previous pages=12780.2
  Text relative top (flipped)=0.327665
  Text offset in page=598.231
  Desired viewport position (CENTER)=430.5
  Target scroll offset=12947.9
  Final scroll offset=12947.9
  Zoom scale=2.12049
  Viewport height=861
  Max possible offset=55736.9
  Total document height=56597.9
  Rendered/Original height ratio=1.44628
  SAME-PAGE NAVIGATION ANALYSIS:
    Current scroll offset=12947.9
    Original target scroll offset=12947.9
    Final target scroll offset=12947.9
    Scroll change magnitude=0
    VERY SMALL CHANGE - text may be at same location
  VERIFICATION: After navigation, highlighting will calculate:
    pageTopY = -167.73
    textScreenTop = 430.5
    Should equal desired position (CENTER) = 430.5
    Difference = 0.000305176
    Distance from viewport center = 0.000305176
NavigateToNextSearchResult: CALLED
  results.size()=1
  currentResultIndex BEFORE=0
NavigateToSearchResultPrecise: CALLED for result 0
  result.pageIndex=7, result.charIndex=2261
NavigateToSearchResultPrecise: CENTERING TEXT IN VIEWPORT
  PDF coordinates: left=416.072, top=400.255, right=423.552, bottom=397.645
  Original page height=595.32
  Rendered page height=861 (used for positioning)
  Page index=7
  Page height in screen=1825.74
  Sum of previous pages=12780.2
  Text relative top (flipped)=0.327665
  Text offset in page=598.231
  Desired viewport position (CENTER)=430.5
  Target scroll offset=12947.9
  Final scroll offset=12947.9
  Zoom scale=2.12049
  Viewport height=861
  Max possible offset=55736.9
  Total document height=56597.9
  Rendered/Original height ratio=1.44628
  SAME-PAGE NAVIGATION ANALYSIS:
    Current scroll offset=12947.9
    Original target scroll offset=12947.9
    Final target scroll offset=12947.9
    Scroll change magnitude=0
    VERY SMALL CHANGE - text may be at same location
  VERIFICATION: After navigation, highlighting will calculate:
    pageTopY = -167.73
    textScreenTop = 430.5
    Should equal desired position (CENTER) = 430.5
    Difference = 0.000305176
    Distance from viewport center = 0.000305176
NavigateToNextSearchResult: CALLED
  results.size()=1
  currentResultIndex BEFORE=0
NavigateToSearchResultPrecise: CALLED for result 0
  result.pageIndex=7, result.charIndex=2261
NavigateToSearchResultPrecise: CENTERING TEXT IN VIEWPORT
  PDF coordinates: left=416.072, top=400.255, right=423.552, bottom=397.645
  Original page height=595.32
  Rendered page height=861 (used for positioning)
  Page index=7
  Page height in screen=1825.74
  Sum of previous pages=12780.2
  Text relative top (flipped)=0.327665
  Text offset in page=598.231
  Desired viewport position (CENTER)=430.5
  Target scroll offset=12947.9
  Final scroll offset=12947.9
  Zoom scale=2.12049
  Viewport height=861
  Max possible offset=55736.9
  Total document height=56597.9
  Rendered/Original height ratio=1.44628
  SAME-PAGE NAVIGATION ANALYSIS:
    Current scroll offset=12947.9
    Original target scroll offset=12947.9
    Final target scroll offset=12947.9
    Scroll change magnitude=0
    VERY SMALL CHANGE - text may be at same location
  VERIFICATION: After navigation, highlighting will calculate:
    pageTopY = -167.73
    textScreenTop = 430.5
    Should equal desired position (CENTER) = 430.5
    Difference = 0.000305176
    Distance from viewport center = 0.000305176
NavigateToNextSearchResult: CALLED
  results.size()=150
  currentResultIndex BEFORE=0
NavigateToSearchResultPrecise: CALLED for result 1
  result.pageIndex=1, result.charIndex=1514
NavigateToSearchResultPrecise: CENTERING TEXT IN VIEWPORT
  PDF coordinates: left=412.419, top=166.945, right=418.115, bottom=164.367
  Original page height=595.32
  Rendered page height=861 (used for positioning)
  Page index=1
  Page height in screen=3557.85
  Sum of previous pages=3557.85
  Text relative top (flipped)=0.71957
  Text offset in page=2560.12
  Desired viewport position (CENTER)=430.5
  Target scroll offset=5687.48
  Final scroll offset=5687.48
  Zoom scale=4.13223
  Viewport height=861
  Max possible offset=109432
  Total document height=110293
  Rendered/Original height ratio=1.44628
  SAME-PAGE NAVIGATION ANALYSIS:
    Current scroll offset=25437.2
    Original target scroll offset=5687.48
    Final target scroll offset=5687.48
    Scroll change magnitude=19749.7
    LARGE CHANGE - likely cross-page or significant movement
  VERIFICATION: After navigation, highlighting will calculate:
    pageTopY = -2129.62
    textScreenTop = 430.5
    Should equal desired position (CENTER) = 430.5
    Difference = 0
    Distance from viewport center = 0
NavigateToNextSearchResult: CALLED
  results.size()=150
  currentResultIndex BEFORE=1
NavigateToSearchResultPrecise: CALLED for result 2
  result.pageIndex=1, result.charIndex=1536
NavigateToSearchResultPrecise: CENTERING TEXT IN VIEWPORT
  PDF coordinates: left=120.826, top=509.181, right=126.522, bottom=506.602
  Original page height=595.32
  Rendered page height=861 (used for positioning)
  Page index=1
  Page height in screen=3557.85
  Sum of previous pages=3557.85
  Text relative top (flipped)=0.144694
  Text offset in page=514.799
  Desired viewport position (CENTER)=430.5
  Target scroll offset=3642.15
  Final scroll offset=3642.15
  Zoom scale=4.13223
  Viewport height=861
  Max possible offset=109432
  Total document height=110293
  Rendered/Original height ratio=1.44628
  SAME-PAGE NAVIGATION ANALYSIS:
    Current scroll offset=7115.7
    Original target scroll offset=3642.15
    Final target scroll offset=3642.15
    Scroll change magnitude=3473.55
    LARGE CHANGE - likely cross-page or significant movement
  VERIFICATION: After navigation, highlighting will calculate:
    pageTopY = -84.2993
    textScreenTop = 430.5
    Should equal desired position (CENTER) = 430.5
    Difference = 0.00012207
    Distance from viewport center = 0.00012207
NavigateToNextSearchResult: CALLED
  results.size()=150
  currentResultIndex BEFORE=2
NavigateToSearchResultPrecise: CALLED for result 3
  result.pageIndex=1, result.charIndex=1582
NavigateToSearchResultPrecise: CENTERING TEXT IN VIEWPORT
  PDF coordinates: left=420.219, top=159.265, right=425.915, bottom=156.686
  Original page height=595.32
  Rendered page height=861 (used for positioning)
  Page index=1
  Page height in screen=3557.85
  Sum of previous pages=3557.85
  Text relative top (flipped)=0.732472
  Text offset in page=2606.02
  Desired viewport position (CENTER)=430.5
  Target scroll offset=5733.38
  Final scroll offset=5733.38
  Zoom scale=4.13223
  Viewport height=861
  Max possible offset=109432
  Total document height=110293
  Rendered/Original height ratio=1.44628
  SAME-PAGE NAVIGATION ANALYSIS:
    Current scroll offset=3557.85
    Original target scroll offset=5733.38
    Final target scroll offset=5733.38
    Scroll change magnitude=2175.52
    LARGE CHANGE - likely cross-page or significant movement
  VERIFICATION: After navigation, highlighting will calculate:
    pageTopY = -2175.52
    textScreenTop = 430.5
    Should equal desired position (CENTER) = 430.5
    Difference = 0
    Distance from viewport center = 0
NavigateToNextSearchResult: CALLED
  results.size()=150
  currentResultIndex BEFORE=3
NavigateToSearchResultPrecise: CALLED for result 4
  result.pageIndex=1, result.charIndex=1604
NavigateToSearchResultPrecise: CENTERING TEXT IN VIEWPORT
  PDF coordinates: left=109.187, top=376.942, right=114.882, bottom=374.363
  Original page height=595.32
  Rendered page height=861 (used for positioning)
  Page index=1
  Page height in screen=3557.85
  Sum of previous pages=3557.85
  Text relative top (flipped)=0.366824
  Text offset in page=1305.11
  Desired viewport position (CENTER)=430.5
  Target scroll offset=4432.46
  Final scroll offset=4432.46
  Zoom scale=4.13223
  Viewport height=861
  Max possible offset=109432
  Total document height=110293
  Rendered/Original height ratio=1.44628
  SAME-PAGE NAVIGATION ANALYSIS:
    Current scroll offset=7115.7
    Original target scroll offset=4432.46
    Final target scroll offset=4432.46
    Scroll change magnitude=2683.24
    LARGE CHANGE - likely cross-page or significant movement
  VERIFICATION: After navigation, highlighting will calculate:
    pageTopY = -874.606
    textScreenTop = 430.5
    Should equal desired position (CENTER) = 430.5
    Difference = 0.00012207
    Distance from viewport center = 0.00012207
NavigateToNextSearchResult: CALLED
  results.size()=150
  currentResultIndex BEFORE=4
NavigateToSearchResultPrecise: CALLED for result 5
  result.pageIndex=1, result.charIndex=1651
NavigateToSearchResultPrecise: CENTERING TEXT IN VIEWPORT
  PDF coordinates: left=420.219, top=299.184, right=425.915, bottom=296.605
  Original page height=595.32
  Rendered page height=861 (used for positioning)
  Page index=1
  Page height in screen=3557.85
  Sum of previous pages=3557.85
  Text relative top (flipped)=0.497441
  Text offset in page=1769.82
  Desired viewport position (CENTER)=430.5
  Target scroll offset=4897.17
  Final scroll offset=4897.17
  Zoom scale=4.13223
  Viewport height=861
  Max possible offset=109432
  Total document height=110293
  Rendered/Original height ratio=1.44628
  SAME-PAGE NAVIGATION ANALYSIS:
    Current scroll offset=3557.85
    Original target scroll offset=4897.17
    Final target scroll offset=4897.17
    Scroll change magnitude=1339.32
    LARGE CHANGE - likely cross-page or significant movement
  VERIFICATION: After navigation, highlighting will calculate:
    pageTopY = -1339.32
    textScreenTop = 430.5
    Should equal desired position (CENTER) = 430.5
    Difference = -0.000244141
    Distance from viewport center = -0.000244141
NavigateToNextSearchResult: CALLED
  results.size()=150
  currentResultIndex BEFORE=5
NavigateToSearchResultPrecise: CALLED for result 6
  result.pageIndex=1, result.charIndex=1672
NavigateToSearchResultPrecise: CENTERING TEXT IN VIEWPORT
  PDF coordinates: left=443.521, top=509.181, right=449.184, bottom=506.602
  Original page height=595.32
  Rendered page height=861 (used for positioning)
  Page index=1
  Page height in screen=3557.85
  Sum of previous pages=3557.85
  Text relative top (flipped)=0.144694
  Text offset in page=514.799
  Desired viewport position (CENTER)=430.5
  Target scroll offset=3642.15
  Final scroll offset=3642.15
  Zoom scale=4.13223
  Viewport height=861
  Max possible offset=109432
  Total document height=110293
  Rendered/Original height ratio=1.44628
  SAME-PAGE NAVIGATION ANALYSIS:
    Current scroll offset=4897.17
    Original target scroll offset=3642.15
    Final target scroll offset=3642.15
    Scroll change magnitude=1255.02
    LARGE CHANGE - likely cross-page or significant movement
  VERIFICATION: After navigation, highlighting will calculate:
    pageTopY = -84.2993
    textScreenTop = 430.5
    Should equal desired position (CENTER) = 430.5
    Difference = 0.00012207
    Distance from viewport center = 0.00012207
NavigateToNextSearchResult: CALLED
  results.size()=150
  currentResultIndex BEFORE=6
NavigateToSearchResultPrecise: CALLED for result 7
  result.pageIndex=1, result.charIndex=1694
NavigateToSearchResultPrecise: CENTERING TEXT IN VIEWPORT
  PDF coordinates: left=128.626, top=516.861, right=134.322, bottom=514.283
  Original page height=595.32
  Rendered page height=861 (used for positioning)
  Page index=1
  Page height in screen=3557.85
  Sum of previous pages=3557.85
  Text relative top (flipped)=0.131793
  Text offset in page=468.899
  Desired viewport position (CENTER)=430.5
  Target scroll offset=3542.15
  Final scroll offset=3542.15
  Zoom scale=4.13223
  Viewport height=861
  Max possible offset=109432
  Total document height=110293
  Rendered/Original height ratio=1.44628
  SAME-PAGE NAVIGATION ANALYSIS:
    Current scroll offset=3642.15
    Original target scroll offset=3596.25
    Final target scroll offset=3542.15
    Scroll change magnitude=100
    LARGE CHANGE - likely cross-page or significant movement
  VERIFICATION: After navigation, highlighting will calculate:
    pageTopY = 15.7007
    textScreenTop = 484.599
    Should equal desired position (CENTER) = 430.5
    Difference = 54.0993
    Distance from viewport center = 54.0993
